<?xml version="1.0" encoding="UTF-8"?>
<coverage generated="1697273054202" clover="3.2.0">
  <project timestamp="1697273054202" name="All files">
    <metrics statements="15" coveredstatements="15" conditionals="12" coveredconditionals="12" methods="3" coveredmethods="3" elements="30" coveredelements="30" complexity="0" loc="15" ncloc="15" packages="1" files="1" classes="1"/>
    <file name="capitalize.js" path="/home/lewis/Desktop/Projects/2023/Nov/odin-tdd/src/capitalize.js">
      <metrics statements="15" coveredstatements="15" conditionals="12" coveredconditionals="12" methods="3" coveredmethods="3"/>
      <line num="3" count="1" type="stmt"/>
      <line num="4" count="9" type="stmt"/>
      <line num="5" count="21" type="cond" truecount="2" falsecount="0"/>
      <line num="6" count="3" type="stmt"/>
      <line num="7" count="18" type="cond" truecount="2" falsecount="0"/>
      <line num="8" count="3" type="stmt"/>
      <line num="11" count="3" type="stmt"/>
      <line num="14" count="1" type="stmt"/>
      <line num="15" count="18" type="cond" truecount="4" falsecount="0"/>
      <line num="16" count="3" type="stmt"/>
      <line num="18" count="15" type="stmt"/>
      <line num="21" count="1" type="stmt"/>
      <line num="22" count="21" type="cond" truecount="4" falsecount="0"/>
      <line num="23" count="3" type="stmt"/>
      <line num="25" count="18" type="stmt"/>
    </file>
  </project>
</coverage>
